2024-08-01 22:31:11 - dao.logger - INFO - Initiating spark session...
2024-08-01 22:31:16 - dao.logger - INFO - Loading parquet files in spark dataframes...
2024-08-01 22:31:27 - dao.logger - INFO - We have collected a total number of 400000 applications
2024-08-01 22:31:30 - dao.logger - INFO - The average profit of all applications is 46.8686675
2024-08-01 22:31:43 - dao.logger - INFO - None
2024-08-01 22:31:48 - dao.logger - INFO - None
2024-08-01 22:31:48 - py4j.clientserver - INFO - Closing down clientserver connection
2024-08-01 22:32:29 - dao.logger - INFO - Initiating spark session...
2024-08-01 22:32:33 - dao.logger - INFO - Loading parquet files in spark dataframes...
2024-08-01 22:32:44 - dao.logger - INFO - We have collected a total number of 400000 applications
2024-08-01 22:32:49 - dao.logger - INFO - The average profit of all applications is 46.8686675
2024-08-01 22:33:04 - dao.logger - INFO - None
2024-08-01 22:33:10 - py4j.clientserver - INFO - Error while receiving.
Traceback (most recent call last):
  File "C:\Users\Andreas\PycharmProjects\pythonProject\.venv\Lib\site-packages\py4j\clientserver.py", line 511, in send_command
    answer = smart_decode(self.stream.readline()[:-1])
                          ^^^^^^^^^^^^^^^^^^^^^^
RuntimeError: reentrant call inside <_io.BufferedReader name=508>
2024-08-01 22:33:10 - py4j.clientserver - INFO - Closing down clientserver connection
2024-08-01 22:33:10 - root - ERROR - Exception while sending command.
Traceback (most recent call last):
  File "C:\Users\Andreas\PycharmProjects\pythonProject\.venv\Lib\site-packages\py4j\clientserver.py", line 511, in send_command
    answer = smart_decode(self.stream.readline()[:-1])
                          ^^^^^^^^^^^^^^^^^^^^^^
RuntimeError: reentrant call inside <_io.BufferedReader name=508>

During handling of the above exception, another exception occurred:

Traceback (most recent call last):
  File "C:\Users\Andreas\PycharmProjects\pythonProject\.venv\Lib\site-packages\py4j\java_gateway.py", line 1038, in send_command
    response = connection.send_command(command)
               ^^^^^^^^^^^^^^^^^^^^^^^^^^^^^^^^
  File "C:\Users\Andreas\PycharmProjects\pythonProject\.venv\Lib\site-packages\py4j\clientserver.py", line 539, in send_command
    raise Py4JNetworkError(
py4j.protocol.Py4JNetworkError: Error while sending or receiving
2024-08-01 22:33:10 - py4j.clientserver - INFO - Error while receiving.
Traceback (most recent call last):
  File "C:\Users\Andreas\PycharmProjects\pythonProject\.venv\Lib\site-packages\py4j\clientserver.py", line 511, in send_command
    answer = smart_decode(self.stream.readline()[:-1])
                          ^^^^^^^^^^^^^^^^^^^^^^
  File "C:\Users\Andreas\AppData\Local\Programs\Python\Python311\Lib\socket.py", line 706, in readinto
    return self._sock.recv_into(b)
           ^^^^^^^^^^^^^^^^^^^^^^^
  File "C:\Users\Andreas\PycharmProjects\pythonProject\.venv\Lib\site-packages\pyspark\context.py", line 381, in signal_handler
    self.cancelAllJobs()
  File "C:\Users\Andreas\PycharmProjects\pythonProject\.venv\Lib\site-packages\pyspark\context.py", line 2446, in cancelAllJobs
    self._jsc.sc().cancelAllJobs()
    ^^^^^^^^^^^^^^
  File "C:\Users\Andreas\PycharmProjects\pythonProject\.venv\Lib\site-packages\py4j\java_gateway.py", line 1322, in __call__
    return_value = get_return_value(
                   ^^^^^^^^^^^^^^^^^
  File "C:\Users\Andreas\PycharmProjects\pythonProject\.venv\Lib\site-packages\pyspark\errors\exceptions\captured.py", line 179, in deco
    return f(*a, **kw)
           ^^^^^^^^^^^
  File "C:\Users\Andreas\PycharmProjects\pythonProject\.venv\Lib\site-packages\py4j\protocol.py", line 334, in get_return_value
    raise Py4JError(
py4j.protocol.Py4JError: An error occurred while calling o13.sc
2024-08-01 22:33:10 - py4j.clientserver - INFO - Closing down clientserver connection
2024-08-01 22:33:10 - root - ERROR - Exception while sending command.
Traceback (most recent call last):
  File "C:\Users\Andreas\PycharmProjects\pythonProject\.venv\Lib\site-packages\py4j\clientserver.py", line 511, in send_command
    answer = smart_decode(self.stream.readline()[:-1])
                          ^^^^^^^^^^^^^^^^^^^^^^
  File "C:\Users\Andreas\AppData\Local\Programs\Python\Python311\Lib\socket.py", line 706, in readinto
    return self._sock.recv_into(b)
           ^^^^^^^^^^^^^^^^^^^^^^^
  File "C:\Users\Andreas\PycharmProjects\pythonProject\.venv\Lib\site-packages\pyspark\context.py", line 381, in signal_handler
    self.cancelAllJobs()
  File "C:\Users\Andreas\PycharmProjects\pythonProject\.venv\Lib\site-packages\pyspark\context.py", line 2446, in cancelAllJobs
    self._jsc.sc().cancelAllJobs()
    ^^^^^^^^^^^^^^
  File "C:\Users\Andreas\PycharmProjects\pythonProject\.venv\Lib\site-packages\py4j\java_gateway.py", line 1322, in __call__
    return_value = get_return_value(
                   ^^^^^^^^^^^^^^^^^
  File "C:\Users\Andreas\PycharmProjects\pythonProject\.venv\Lib\site-packages\pyspark\errors\exceptions\captured.py", line 179, in deco
    return f(*a, **kw)
           ^^^^^^^^^^^
  File "C:\Users\Andreas\PycharmProjects\pythonProject\.venv\Lib\site-packages\py4j\protocol.py", line 334, in get_return_value
    raise Py4JError(
py4j.protocol.Py4JError: An error occurred while calling o13.sc

During handling of the above exception, another exception occurred:

Traceback (most recent call last):
  File "C:\Users\Andreas\PycharmProjects\pythonProject\.venv\Lib\site-packages\py4j\java_gateway.py", line 1038, in send_command
    response = connection.send_command(command)
               ^^^^^^^^^^^^^^^^^^^^^^^^^^^^^^^^
  File "C:\Users\Andreas\PycharmProjects\pythonProject\.venv\Lib\site-packages\py4j\clientserver.py", line 539, in send_command
    raise Py4JNetworkError(
py4j.protocol.Py4JNetworkError: Error while sending or receiving
2024-08-01 22:33:10 - py4j.clientserver - INFO - Closing down clientserver connection
2024-08-01 22:33:15 - dao.logger - INFO - Initiating spark session...
2024-08-01 22:33:21 - dao.logger - INFO - Loading parquet files in spark dataframes...
2024-08-01 22:33:31 - dao.logger - INFO - We have collected a total number of 400000 applications
2024-08-01 22:33:34 - dao.logger - INFO - The average profit of all applications is 46.8686675
2024-08-01 22:33:48 - dao.logger - INFO - None
2024-08-01 22:33:54 - dao.logger - INFO - None
2024-08-01 22:33:54 - py4j.clientserver - INFO - Closing down clientserver connection
2024-08-01 22:34:01 - dao.logger - INFO - Initiating spark session...
2024-08-01 22:34:06 - dao.logger - INFO - Loading parquet files in spark dataframes...
2024-08-01 22:34:24 - dao.logger - INFO - Initiating spark session...
2024-08-01 22:34:28 - dao.logger - INFO - Loading parquet files in spark dataframes...
2024-08-01 22:34:38 - dao.logger - INFO - We have collected a total number of 400000 applications
2024-08-01 22:34:42 - dao.logger - INFO - The average profit of all applications is 46.8686675
2024-08-01 22:34:55 - dao.logger - INFO - None
2024-08-01 22:35:02 - dao.logger - INFO - None
2024-08-01 22:35:02 - py4j.clientserver - INFO - Closing down clientserver connection
2024-08-01 22:36:42 - dao.logger - INFO - Initiating spark session...
2024-08-01 22:36:48 - dao.logger - INFO - Loading parquet files in spark dataframes...
2024-08-01 22:36:58 - dao.logger - INFO - We have collected a total number of 400000 applications
2024-08-01 22:37:02 - dao.logger - INFO - The average profit of all applications is 46.8686675
2024-08-01 22:37:13 - dao.logger - INFO - These are the top 2 popular marketing sources:None
2024-08-01 22:37:18 - dao.logger - INFO - These are the percentage profits from each marketing source:None
2024-08-01 22:37:18 - py4j.clientserver - INFO - Closing down clientserver connection
2024-08-01 22:37:51 - dao.logger - INFO - Initiating spark session...
2024-08-01 22:37:55 - dao.logger - INFO - Loading parquet files in spark dataframes...
2024-08-01 22:38:04 - dao.logger - INFO - We have collected a total number of 400000 applications
2024-08-01 22:38:08 - dao.logger - INFO - The average profit of all applications is 46.8686675
2024-08-01 22:38:16 - dao.logger - INFO - These are the top 2 popular marketing sources:None
2024-08-01 22:38:19 - dao.logger - INFO - These are the percentage profits from each marketing source:None
2024-08-01 22:38:19 - py4j.clientserver - INFO - Closing down clientserver connection
2024-08-01 22:39:15 - dao.logger - INFO - Initiating spark session...
2024-08-01 22:39:22 - dao.logger - INFO - Loading parquet files in spark dataframes...
2024-08-01 22:39:31 - dao.logger - INFO - We have collected a total number of 400000 applications
2024-08-01 22:39:35 - dao.logger - INFO - The average profit of all applications is 46.8686675
2024-08-01 22:39:42 - dao.logger - INFO - These are the top 2 popular marketing sources:None
2024-08-01 22:39:45 - dao.logger - INFO - These are the percentage profits from each marketing source:None
2024-08-01 22:39:45 - py4j.clientserver - INFO - Closing down clientserver connection
2024-08-01 22:41:02 - dao.logger - INFO - Initiating spark session...
2024-08-01 22:41:07 - dao.logger - INFO - Loading parquet files in spark dataframes...
2024-08-01 22:41:15 - dao.logger - INFO - We have collected a total number of 400000 applications
2024-08-01 22:41:19 - dao.logger - INFO - The average profit of all applications is 46.8686675
2024-08-01 22:41:26 - dao.logger - INFO - These are the top 2 popular marketing sources:None
2024-08-01 22:41:30 - dao.logger - INFO - These are the percentage profits from each marketing source:None
2024-08-01 22:41:30 - py4j.clientserver - INFO - Closing down clientserver connection
2024-08-01 22:44:44 - dao.logger - INFO - Initiating spark session...
2024-08-01 22:44:49 - dao.logger - INFO - Loading parquet files in spark dataframes...
2024-08-01 22:44:58 - dao.logger - INFO - We have collected a total number of 400000 applications
2024-08-01 22:45:02 - dao.logger - INFO - The average profit of all applications is 46.8686675
2024-08-01 22:45:10 - dao.logger - INFO - These are the top 2 popular marketing sources:None
2024-08-01 22:45:13 - dao.logger - INFO - These are the percentage profits from each marketing source:None
2024-08-01 22:45:13 - py4j.clientserver - INFO - Closing down clientserver connection
